<?xml version="1.0" encoding="UTF-8"?>
<testng-results ignored="0" total="5" passed="5" failed="0" skipped="0">
  <reporter-output>
  </reporter-output>
  <suite started-at="2025-07-05T10:34:09 IST" name="Default suite" finished-at="2025-07-05T10:35:16 IST" duration-ms="67121">
    <groups>
      <group name="cucumber">
        <method signature="AbstractTestNGCucumberTests.runScenario(io.cucumber.testng.PickleWrapper,io.cucumber.testng.FeatureWrapper)[pri:0, instance:runners.TestRunner@6a03bcb1]" name="runScenario" class="io.cucumber.testng.AbstractTestNGCucumberTests"/>
      </group> <!-- cucumber -->
    </groups>
    <test started-at="2025-07-05T10:34:09 IST" name="Default test" finished-at="2025-07-05T10:35:16 IST" duration-ms="67121">
      <class name="runners.TestRunner">
        <test-method is-config="true" signature="setUpClass(org.testng.ITestContext)[pri:0, instance:runners.TestRunner@6a03bcb1]" started-at="2025-07-05T10:34:09 IST" name="setUpClass" finished-at="2025-07-05T10:34:10 IST" duration-ms="1129" status="PASS">
          <params>
            <param index="0">
              <value>
                <![CDATA[org.testng.TestRunner@7d7cac8]]>
              </value>
            </param>
          </params>
          <reporter-output>
          </reporter-output>
        </test-method> <!-- setUpClass -->
        <test-method signature="runScenario(io.cucumber.testng.PickleWrapper,io.cucumber.testng.FeatureWrapper)[pri:0, instance:runners.TestRunner@6a03bcb1]" started-at="2025-07-05T10:34:10 IST" name="runScenario" description="Runs Cucumber Scenarios" data-provider="scenarios" finished-at="2025-07-05T10:34:23 IST" duration-ms="12599" status="PASS">
          <params>
            <param index="0">
              <value>
                <![CDATA["Login with valid credentials"]]>
              </value>
            </param>
            <param index="1">
              <value>
                <![CDATA["SauceDemo Site Functionalities"]]>
              </value>
            </param>
          </params>
          <reporter-output>
          </reporter-output>
        </test-method> <!-- runScenario -->
        <test-method signature="runScenario(io.cucumber.testng.PickleWrapper,io.cucumber.testng.FeatureWrapper)[pri:0, instance:runners.TestRunner@6a03bcb1]" started-at="2025-07-05T10:34:23 IST" name="runScenario" description="Runs Cucumber Scenarios" data-provider="scenarios" finished-at="2025-07-05T10:34:34 IST" duration-ms="11348" status="PASS">
          <params>
            <param index="0">
              <value>
                <![CDATA["Add product to cart"]]>
              </value>
            </param>
            <param index="1">
              <value>
                <![CDATA["SauceDemo Site Functionalities"]]>
              </value>
            </param>
          </params>
          <reporter-output>
          </reporter-output>
        </test-method> <!-- runScenario -->
        <test-method signature="runScenario(io.cucumber.testng.PickleWrapper,io.cucumber.testng.FeatureWrapper)[pri:0, instance:runners.TestRunner@6a03bcb1]" started-at="2025-07-05T10:34:34 IST" name="runScenario" description="Runs Cucumber Scenarios" data-provider="scenarios" finished-at="2025-07-05T10:34:45 IST" duration-ms="11570" status="PASS">
          <params>
            <param index="0">
              <value>
                <![CDATA["Product checkout"]]>
              </value>
            </param>
            <param index="1">
              <value>
                <![CDATA["SauceDemo Site Functionalities"]]>
              </value>
            </param>
          </params>
          <reporter-output>
          </reporter-output>
        </test-method> <!-- runScenario -->
        <test-method signature="runScenario(io.cucumber.testng.PickleWrapper,io.cucumber.testng.FeatureWrapper)[pri:0, instance:runners.TestRunner@6a03bcb1]" started-at="2025-07-05T10:34:45 IST" name="runScenario" description="Runs Cucumber Scenarios" data-provider="scenarios" finished-at="2025-07-05T10:34:59 IST" duration-ms="13479" status="PASS">
          <params>
            <param index="0">
              <value>
                <![CDATA["User info checkout"]]>
              </value>
            </param>
            <param index="1">
              <value>
                <![CDATA["SauceDemo Site Functionalities"]]>
              </value>
            </param>
          </params>
          <reporter-output>
          </reporter-output>
        </test-method> <!-- runScenario -->
        <test-method signature="runScenario(io.cucumber.testng.PickleWrapper,io.cucumber.testng.FeatureWrapper)[pri:0, instance:runners.TestRunner@6a03bcb1]" started-at="2025-07-05T10:34:59 IST" name="runScenario" description="Runs Cucumber Scenarios" data-provider="scenarios" finished-at="2025-07-05T10:35:16 IST" duration-ms="16789" status="PASS">
          <params>
            <param index="0">
              <value>
                <![CDATA["User finishes order"]]>
              </value>
            </param>
            <param index="1">
              <value>
                <![CDATA["SauceDemo Site Functionalities"]]>
              </value>
            </param>
          </params>
          <reporter-output>
          </reporter-output>
        </test-method> <!-- runScenario -->
        <test-method is-config="true" signature="tearDownClass()[pri:0, instance:runners.TestRunner@6a03bcb1]" started-at="2025-07-05T10:35:16 IST" name="tearDownClass" finished-at="2025-07-05T10:35:16 IST" duration-ms="95" status="PASS">
          <reporter-output>
          </reporter-output>
        </test-method> <!-- tearDownClass -->
      </class> <!-- runners.TestRunner -->
    </test> <!-- Default test -->
  </suite> <!-- Default suite -->
</testng-results>
